#
# A fatal error has been detected by the Java Runtime Environment:
#
#  SIGSEGV (0xb) at pc=0x00007fff92c144dd, pid=5467, tid=2571
#
# JRE version: Java(TM) SE Runtime Environment (8.0_77-b03) (build 1.8.0_77-b03)
# Java VM: Java HotSpot(TM) 64-Bit Server VM (25.77-b03 mixed mode bsd-amd64 compressed oops)
# Problematic frame:
# C  [libobjc.A.dylib+0x14dd]  objc_msgSend+0x1d
#
# Failed to write core dump. Core dumps have been disabled. To enable core dumping, try "ulimit -c unlimited" before starting Java again
#
# If you would like to submit a bug report, please visit:
#   http://bugreport.java.com/bugreport/crash.jsp
# The crash happened outside the Java Virtual Machine in native code.
# See problematic frame for where to report the bug.
#

---------------  T H R E A D  ---------------

Current thread (0x00007f942214b000):  JavaThread "AWT-AppKit" daemon [_thread_in_native, id=2571, stack(0x00007fff5299b000,0x00007fff5319b000)]

siginfo: si_signo: 11 (SIGSEGV), si_code: 1 (SEGV_MAPERR), si_addr: 0x0000000000000018

Registers:
RAX=0x00007f9421f82d10, RBX=0x000000017c86d3b0, RCX=0x0000000126bd3a80, RDX=0x0000000126bd3560
RSP=0x00007fff531962b8, RBP=0x00007fff53196370, RSI=0x00007fff9ac42ce6, RDI=0x00007f94247a7760
R8 =0x0000000000000000, R9 =0x00000000000008b0, R10=0x00007fff9ac42ce6, R11=0x0000000000000000
R12=0x0000000000000000, R13=0x0000000180c97300, R14=0x000000017c86d3a0, R15=0x00007f942214b000
RIP=0x00007fff92c144dd, EFLAGS=0x0000000000010246, ERR=0x0000000000000004
  TRAPNO=0x000000000000000e

Top of Stack: (sp=0x00007fff531962b8)
0x00007fff531962b8:   000000017c86b5d7 00007fff53196310
0x00007fff531962c8:   0000000000000003 00007fff531962f0
0x00007fff531962d8:   000000010d7f0b02 0000000180c97300
0x00007fff531962e8:   0000000180c97300 00007f9421f82d10
0x00007fff531962f8:   000000017c86d5c0 000000017c86d640
0x00007fff53196308:   000000017c86d3b0 00007fff7dcb7770
0x00007fff53196318:   000000017c86d5d0 00007fff7da2b500
0x00007fff53196328:   00007f9421f82d10 00007f94247a7760
0x00007fff53196338:   00007f94247b7910 00007f9421f82d10
0x00007fff53196348:   00007f94247a7760 00007fff531963f8
0x00007fff53196358:   00007f942214b1f8 0000000180c97300
0x00007fff53196368:   00007fff53196420 00007fff531963e8
0x00007fff53196378:   000000010e5a4954 0000000180c97300
0x00007fff53196388:   00007fff53196420 00007fff531963e8
0x00007fff53196398:   000000010e5a46e7 000000010e5a46a2
0x00007fff531963a8:   00007fff531963a8 0000000180c97300
0x00007fff531963b8:   00007fff53196420 0000000180cb9b40
0x00007fff531963c8:   0000000000000000 0000000180c97300
0x00007fff531963d8:   0000000000000000 00007fff53196408
0x00007fff531963e8:   00007fff53196468 000000010e596c4d
0x00007fff531963f8:   0000000795c56bb8 000000010e59e578
0x00007fff53196408:   00007f9421f82d10 00007fff53196468
0x00007fff53196418:   00007f94247a7760 000000010e59fd82
0x00007fff53196428:   00007fff53196428 0000000180c974ca
0x00007fff53196438:   00007fff53196490 0000000180cb9b40
0x00007fff53196448:   0000000000000000 0000000180c974d8
0x00007fff53196458:   00007fff53196408 00007fff53196478
0x00007fff53196468:   00007fff531964d8 000000010e596c4d
0x00007fff53196478:   00007f9421f82d10 0000000795c5e5f0
0x00007fff53196488:   00007f94247a7760 0000000795c5e5f0
0x00007fff53196498:   00007fff53196498 0000000180d83bbe
0x00007fff531964a8:   00007fff531964e8 0000000180d83c78 

Instructions: (pc=0x00007fff92c144dd)
0x00007fff92c144bd:   44 00 00 48 85 ff 2e 74 62 40 f6 c7 01 2e 75 66
0x00007fff92c144cd:   49 bb f8 ff ff ff ff 7f 00 00 4c 23 1f 49 89 f2
0x00007fff92c144dd:   45 23 53 18 49 c1 e2 04 4d 03 53 10 49 3b 32 75
0x00007fff92c144ed:   04 41 ff 62 08 49 83 3a 01 76 0d 49 83 c2 10 49 

Register to memory mapping:

RAX=0x00007f9421f82d10 is an unknown value
RBX=0x000000017c86d3b0: Java_jogamp_nativewindow_macosx_OSXUtil_GetScreenRefreshRate0+0x1850 in /private/var/folders/z0/f53gx9cx5kb1rfmmhfd3msy00000gn/T/jogamp_0000/file_cache/jln3338740725485703442/jln1767915042216609696/libnativewindow_macosx.jnilib at 0x000000017c866000
RCX=0x0000000126bd3a80 is an unknown value
RDX=0x0000000126bd3560 is an unknown value
RSP=0x00007fff531962b8 is pointing into the stack for thread: 0x00007f942214b000
RBP=0x00007fff53196370 is pointing into the stack for thread: 0x00007f942214b000
RSI=0x00007fff9ac42ce6 is an unknown value
RDI=0x00007f94247a7760 is an unknown value
R8 =0x0000000000000000 is an unknown value
R9 =0x00000000000008b0 is an unknown value
R10=0x00007fff9ac42ce6 is an unknown value
R11=0x0000000000000000 is an unknown value
R12=0x0000000000000000 is an unknown value
R13={method} {0x0000000180c97300} 'UnsetJAWTRootSurfaceLayer0' '(JJ)V' in 'jogamp/nativewindow/jawt/macosx/MacOSXJAWTWindow'
R14=0x000000017c86d3a0: Java_jogamp_nativewindow_macosx_OSXUtil_GetScreenRefreshRate0+0x1840 in /private/var/folders/z0/f53gx9cx5kb1rfmmhfd3msy00000gn/T/jogamp_0000/file_cache/jln3338740725485703442/jln1767915042216609696/libnativewindow_macosx.jnilib at 0x000000017c866000
R15=0x00007f942214b000 is a thread


Stack: [0x00007fff5299b000,0x00007fff5319b000],  sp=0x00007fff531962b8,  free space=8172k
Native frames: (J=compiled Java code, j=interpreted, Vv=VM code, C=native code)
C  [libobjc.A.dylib+0x14dd]  objc_msgSend+0x1d
j  jogamp.nativewindow.jawt.macosx.MacOSXJAWTWindow.UnsetJAWTRootSurfaceLayer0(JJ)V+0
j  jogamp.nativewindow.jawt.macosx.MacOSXJAWTWindow.access$200(JJ)V+2
j  jogamp.nativewindow.jawt.macosx.MacOSXJAWTWindow$1.run()V+38
J 1305 C1 com.jogamp.common.util.RunnableTask.run()V (345 bytes) @ 0x000000010ea24e54 [0x000000010ea24cc0+0x194]
v  ~StubRoutines::call_stub
V  [libjvm.dylib+0x2ea39e]
V  [libjvm.dylib+0x3214a7]
V  [libjvm.dylib+0x313c7b]
C  [libnativewindow_macosx.jnilib+0x57ae]  Java_jogamp_nativewindow_jawt_macosx_MacOSXJAWTWindow_UnsetJAWTRootSurfaceLayer0+0x2be
C  [Foundation+0x76f5e]  __NSThreadPerformPerform+0x117
C  [CoreFoundation+0xaa881]  __CFRUNLOOP_IS_CALLING_OUT_TO_A_SOURCE0_PERFORM_FUNCTION__+0x11
C  [CoreFoundation+0x89f37]  __CFRunLoopDoSources0+0x1a7
C  [CoreFoundation+0x894df]  __CFRunLoopRun+0x39f
C  [CoreFoundation+0x88ed8]  CFRunLoopRunSpecific+0x128
C  [HIToolbox+0x30935]  RunCurrentEventLoopInMode+0xeb
C  [HIToolbox+0x30677]  ReceiveNextEventCommon+0xb8
C  [HIToolbox+0x305af]  _BlockUntilNextEventMatchingListInModeWithFilter+0x47
C  [AppKit+0x48efa]  _DPSNextEvent+0x42b
C  [AppKit+0x4832a]  -[NSApplication _nextEventMatchingEventMask:untilDate:inMode:dequeue:]+0x1c6
C  [libosxapp.dylib+0x23aa]  -[NSApplicationAWT nextEventMatchingMask:untilDate:inMode:dequeue:]+0x7c
C  [AppKit+0x3ce84]  -[NSApplication run]+0x2aa
C  [libosxapp.dylib+0x214d]  +[NSApplicationAWT runAWTLoopWithApp:]+0x9c
C  [libawt_lwawt.dylib+0x4455b]  -[AWTStarter starter:]+0x389
C  [Foundation+0x76f5e]  __NSThreadPerformPerform+0x117
C  [CoreFoundation+0xaa881]  __CFRUNLOOP_IS_CALLING_OUT_TO_A_SOURCE0_PERFORM_FUNCTION__+0x11
C  [CoreFoundation+0x89fbc]  __CFRunLoopDoSources0+0x22c
C  [CoreFoundation+0x894df]  __CFRunLoopRun+0x39f
C  [CoreFoundation+0x88ed8]  CFRunLoopRunSpecific+0x128
C  [java+0x6463]  CreateExecutionEnvironment+0x367
C  [java+0x21ac]  JLI_Launch+0x7a0
C  [java+0x84c0]  main+0x65
C  [java+0x1a04]  start+0x34
C  0x0000000000000007

Java frames: (J=compiled Java code, j=interpreted, Vv=VM code)
j  jogamp.nativewindow.jawt.macosx.MacOSXJAWTWindow.UnsetJAWTRootSurfaceLayer0(JJ)V+0
j  jogamp.nativewindow.jawt.macosx.MacOSXJAWTWindow.access$200(JJ)V+2
j  jogamp.nativewindow.jawt.macosx.MacOSXJAWTWindow$1.run()V+38
J 1305 C1 com.jogamp.common.util.RunnableTask.run()V (345 bytes) @ 0x000000010ea24e54 [0x000000010ea24cc0+0x194]
v  ~StubRoutines::call_stub

---------------  P R O C E S S  ---------------

Java Threads: ( => current thread )
  0x00007f942246a800 JavaThread "Thread-3" [_thread_blocked, id=64003, stack(0x00007000019ee000,0x0000700001aee000)]
  0x00007f9423425800 JavaThread "Animation Thread" [_thread_blocked, id=58395, stack(0x0000700001765000,0x0000700001865000)]
  0x00007f94223c6800 JavaThread "AWT-EventQueue-1" [_thread_in_native, id=58919, stack(0x0000700001868000,0x0000700001968000)]
  0x00007f9423938000 JavaThread "DestroyJavaVM" [_thread_blocked, id=5891, stack(0x000070000011a000,0x000070000021a000)]
  0x00007f94221cd800 JavaThread "AWT-EventQueue-0" [_thread_blocked, id=56323, stack(0x0000700001662000,0x0000700001762000)]
  0x00007f94221ae800 JavaThread "Java2D Disposer" daemon [_thread_blocked, id=52995, stack(0x00007000013d9000,0x00007000014d9000)]
  0x00007f9423187800 JavaThread "Java2D Queue Flusher" daemon [_thread_blocked, id=49927, stack(0x00007000012d6000,0x00007000013d6000)]
  0x00007f9422153800 JavaThread "AWT-Shutdown" [_thread_blocked, id=29459, stack(0x0000700001150000,0x0000700001250000)]
=>0x00007f942214b000 JavaThread "AWT-AppKit" daemon [_thread_in_native, id=2571, stack(0x00007fff5299b000,0x00007fff5319b000)]
  0x00007f9422067800 JavaThread "Service Thread" daemon [_thread_blocked, id=18435, stack(0x0000700000dc1000,0x0000700000ec1000)]
  0x00007f9423039000 JavaThread "C1 CompilerThread2" daemon [_thread_blocked, id=17923, stack(0x0000700000cbe000,0x0000700000dbe000)]
  0x00007f9423038800 JavaThread "C2 CompilerThread1" daemon [_thread_blocked, id=17411, stack(0x0000700000bbb000,0x0000700000cbb000)]
  0x00007f9422015800 JavaThread "C2 CompilerThread0" daemon [_thread_blocked, id=16899, stack(0x0000700000ab8000,0x0000700000bb8000)]
  0x00007f9423050000 JavaThread "Signal Dispatcher" daemon [_thread_blocked, id=13839, stack(0x00007000009b5000,0x0000700000ab5000)]
  0x00007f9422031000 JavaThread "Finalizer" daemon [_thread_blocked, id=12291, stack(0x000070000082f000,0x000070000092f000)]
  0x00007f942202e800 JavaThread "Reference Handler" daemon [_thread_blocked, id=11779, stack(0x000070000072c000,0x000070000082c000)]

Other Threads:
  0x00007f9422812800 VMThread [stack: 0x0000700000629000,0x0000700000729000] [id=11267]
  0x00007f942200e000 WatcherThread [stack: 0x0000700000ec4000,0x0000700000fc4000] [id=18947]

VM state:not at safepoint (normal execution)

VM Mutex/Monitor currently owned by a thread: None

Heap:
 PSYoungGen      total 38400K, used 19642K [0x0000000795580000, 0x0000000798000000, 0x00000007c0000000)
  eden space 33280K, 43% used [0x0000000795580000,0x00000007963b1b98,0x0000000797600000)
  from space 5120K, 99% used [0x0000000797600000,0x0000000797afcf38,0x0000000797b00000)
  to   space 5120K, 0% used [0x0000000797b00000,0x0000000797b00000,0x0000000798000000)
 ParOldGen       total 87552K, used 8K [0x0000000740000000, 0x0000000745580000, 0x0000000795580000)
  object space 87552K, 0% used [0x0000000740000000,0x0000000740002000,0x0000000745580000)
 Metaspace       used 17557K, capacity 17727K, committed 18048K, reserved 1064960K
  class space    used 1759K, capacity 1852K, committed 1920K, reserved 1048576K

Card table byte_map: [0x000000011d94f000,0x000000011dd50000] byte_map_base: 0x0000000119f4f000

Marking Bits: (ParMarkBitMap*) 0x000000010dee3ea0
 Begin Bits: [0x000000011dffb000, 0x000000011fffb000)
 End Bits:   [0x000000011fffb000, 0x0000000121ffb000)

Polling page: 0x000000010cd28000

CodeCache: size=245760Kb used=4931Kb max_used=4931Kb free=240828Kb
 bounds [0x000000010e58f000, 0x000000010ea6f000, 0x000000011d58f000]
 total_blobs=2221 nmethods=1363 adapters=772
 compilation: enabled

Compilation events (10 events):
Event: 9.106 Thread 0x00007f9423039000 1359       3       jogamp.opengl.macosx.cgl.MacOSXCGLContext::access$7200 (5 bytes)
Event: 9.106 Thread 0x00007f9423039000 nmethod 1359 0x000000010ea60610 code [0x000000010ea60760, 0x000000010ea608b0]
Event: 9.196 Thread 0x00007f9423039000 1360       3       java.lang.ClassLoader$1::run (5 bytes)
Event: 9.197 Thread 0x00007f9423039000 nmethod 1360 0x000000010ea60950 code [0x000000010ea60ae0, 0x000000010ea60e38]
Event: 9.197 Thread 0x00007f9423039000 1362       3       java.util.AbstractSet::<init> (5 bytes)
Event: 9.197 Thread 0x00007f9423039000 nmethod 1362 0x000000010ea60f90 code [0x000000010ea61100, 0x000000010ea61310]
Event: 9.197 Thread 0x00007f9423039000 1363       1       java.awt.Component::getTreeLock (4 bytes)
Event: 9.197 Thread 0x00007f9423039000 nmethod 1363 0x000000010ea61410 code [0x000000010ea61560, 0x000000010ea61670]
Event: 9.197 Thread 0x00007f9423039000 1361       3       java.lang.ClassLoader$1::run (21 bytes)
Event: 9.197 Thread 0x00007f9423039000 nmethod 1361 0x000000010ea616d0 code [0x000000010ea61860, 0x000000010ea61b58]

GC Heap History (2 events):
Event: 2.074 GC heap before
{Heap before GC invocations=1 (full 0):
 PSYoungGen      total 38400K, used 33280K [0x0000000795580000, 0x0000000798000000, 0x00000007c0000000)
  eden space 33280K, 100% used [0x0000000795580000,0x0000000797600000,0x0000000797600000)
  from space 5120K, 0% used [0x0000000797b00000,0x0000000797b00000,0x0000000798000000)
  to   space 5120K, 0% used [0x0000000797600000,0x0000000797600000,0x0000000797b00000)
 ParOldGen       total 87552K, used 0K [0x0000000740000000, 0x0000000745580000, 0x0000000795580000)
  object space 87552K, 0% used [0x0000000740000000,0x0000000740000000,0x0000000745580000)
 Metaspace       used 16161K, capacity 16347K, committed 16640K, reserved 1064960K
  class space    used 1633K, capacity 1692K, committed 1792K, reserved 1048576K
Event: 2.083 GC heap after
Heap after GC invocations=1 (full 0):
 PSYoungGen      total 38400K, used 5107K [0x0000000795580000, 0x0000000798000000, 0x00000007c0000000)
  eden space 33280K, 0% used [0x0000000795580000,0x0000000795580000,0x0000000797600000)
  from space 5120K, 99% used [0x0000000797600000,0x0000000797afcf38,0x0000000797b00000)
  to   space 5120K, 0% used [0x0000000797b00000,0x0000000797b00000,0x0000000798000000)
 ParOldGen       total 87552K, used 8K [0x0000000740000000, 0x0000000745580000, 0x0000000795580000)
  object space 87552K, 0% used [0x0000000740000000,0x0000000740002000,0x0000000745580000)
 Metaspace       used 16161K, capacity 16347K, committed 16640K, reserved 1064960K
  class space    used 1633K, capacity 1692K, committed 1792K, reserved 1048576K
}

Deoptimization events (5 events):
Event: 1.369 Thread 0x00007f9422076000 Uncommon trap: reason=unstable_if action=reinterpret pc=0x000000010e7645c0 method=java.lang.String.toLowerCase(Ljava/util/Locale;)Ljava/lang/String; @ 85
Event: 1.651 Thread 0x00007f9423425800 Uncommon trap: reason=unstable_if action=reinterpret pc=0x000000010e81b0e4 method=java.lang.String.indexOf([CII[CIII)I @ 3
Event: 1.651 Thread 0x00007f9423425800 Uncommon trap: reason=unstable_if action=reinterpret pc=0x000000010e7e19e4 method=java.lang.String.indexOf([CII[CIII)I @ 3
Event: 1.651 Thread 0x00007f9423425800 Uncommon trap: reason=unstable_if action=reinterpret pc=0x000000010e750cd8 method=java.lang.String.indexOf([CII[CIII)I @ 3
Event: 9.184 Thread 0x00007f942319b800 Uncommon trap: reason=unstable_if action=reinterpret pc=0x000000010ea08adc method=java.security.AccessControlContext.combine([Ljava/security/ProtectionDomain;[Ljava/security/ProtectionDomain;)[Ljava/security/ProtectionDomain; @ 151

Internal exceptions (10 events):
Event: 0.093 Thread 0x00007f9422804800 Exception <a 'java/security/PrivilegedActionException'> (0x00000007955fdb60) thrown at [/Users/java_re/workspace/8-2-build-macosx-x86_64/jdk8u77/6540/hotspot/src/share/vm/prims/jvm.cpp, line 1386]
Event: 0.093 Thread 0x00007f9422804800 Exception <a 'java/security/PrivilegedActionException'> (0x0000000795600e00) thrown at [/Users/java_re/workspace/8-2-build-macosx-x86_64/jdk8u77/6540/hotspot/src/share/vm/prims/jvm.cpp, line 1386]
Event: 0.093 Thread 0x00007f9422804800 Exception <a 'java/security/PrivilegedActionException'> (0x0000000795601010) thrown at [/Users/java_re/workspace/8-2-build-macosx-x86_64/jdk8u77/6540/hotspot/src/share/vm/prims/jvm.cpp, line 1386]
Event: 0.150 Thread 0x00007f9422804800 Exception <a 'java/lang/NoSuchFieldError': method resolution failed> (0x00000007957872f8) thrown at [/Users/java_re/workspace/8-2-build-macosx-x86_64/jdk8u77/6540/hotspot/src/share/vm/prims/methodHandles.cpp, line 1146]
Event: 0.153 Thread 0x00007f9422804800 Exception <a 'java/lang/NoSuchFieldError': method resolution failed> (0x0000000795794ac8) thrown at [/Users/java_re/workspace/8-2-build-macosx-x86_64/jdk8u77/6540/hotspot/src/share/vm/prims/methodHandles.cpp, line 1146]
Event: 0.338 Thread 0x00007f9422804800 Exception <a 'java/io/FileNotFoundException'> (0x00000007958107e0) thrown at [/Users/java_re/workspace/8-2-build-macosx-x86_64/jdk8u77/6540/hotspot/src/share/vm/prims/jni.cpp, line 709]
Event: 0.338 Thread 0x00007f9422804800 Exception <a 'java/io/FileNotFoundException'> (0x0000000795811328) thrown at [/Users/java_re/workspace/8-2-build-macosx-x86_64/jdk8u77/6540/hotspot/src/share/vm/prims/jni.cpp, line 709]
Event: 0.453 Thread 0x00007f9422804800 Exception <a 'java/io/FileNotFoundException'> (0x0000000795951870) thrown at [/Users/java_re/workspace/8-2-build-macosx-x86_64/jdk8u77/6540/hotspot/src/share/vm/prims/jni.cpp, line 709]
Event: 1.671 Thread 0x00007f9423425800 Exception <a 'java/lang/UnsatisfiedLinkError': com.jogamp.common.util.JarUtil.fixNativeLibAttribs(Ljava/lang/String;)Z> (0x0000000796b6b198) thrown at [/Users/java_re/workspace/8-2-build-macosx-x86_64/jdk8u77/6540/hotspot/src/share/vm/prims/nativeLookup.c
Event: 2.086 Thread 0x00007f9422031000 Exception <a 'java/lang/NullPointerException'> (0x00000007956aa700) thrown at [/Users/java_re/workspace/8-2-build-macosx-x86_64/jdk8u77/6540/hotspot/src/share/vm/interpreter/linkResolver.cpp, line 1178]

Events (10 events):
Event: 9.207 loading class java/awt/LightweightDispatcher$2 done
Event: 9.207 loading class java/awt/event/AWTEventListenerProxy
Event: 9.207 loading class java/awt/event/AWTEventListenerProxy done
Event: 9.207 loading class java/awt/Toolkit$ToolkitEventMulticaster
Event: 9.207 loading class java/awt/Toolkit$ToolkitEventMulticaster done
Event: 9.208 Thread 0x00007f942319b800 Thread exited: 0x00007f942319b800
Event: 9.208 loading class java/lang/IllegalThreadStateException
Event: 9.208 loading class java/lang/IllegalThreadStateException done
Event: 9.208 loading class java/awt/Window$1DisposeAction
Event: 9.208 loading class java/awt/Window$1DisposeAction done


Dynamic libraries:
0x000000000b0dc000 	/System/Library/Frameworks/Cocoa.framework/Versions/A/Cocoa
0x000000000b0dc000 	/System/Library/Frameworks/Security.framework/Versions/A/Security
0x000000000b0dc000 	/System/Library/Frameworks/ApplicationServices.framework/Versions/A/ApplicationServices
0x000000000b0dc000 	/usr/lib/libz.1.dylib
0x000000000b0dc000 	/usr/lib/libSystem.B.dylib
0x000000000b0dc000 	/usr/lib/libobjc.A.dylib
0x000000000b0dc000 	/System/Library/Frameworks/CoreFoundation.framework/Versions/A/CoreFoundation
0x000000000b0dc000 	/System/Library/Frameworks/Foundation.framework/Versions/C/Foundation
0x000000000b0dc000 	/System/Library/Frameworks/AppKit.framework/Versions/C/AppKit
0x000000000b0dc000 	/System/Library/Frameworks/CoreData.framework/Versions/A/CoreData
0x000000000b0dc000 	/System/Library/PrivateFrameworks/RemoteViewServices.framework/Versions/A/RemoteViewServices
0x000000000b0dc000 	/System/Library/PrivateFrameworks/UIFoundation.framework/Versions/A/UIFoundation
0x000000000b0dc000 	/usr/lib/libScreenReader.dylib
0x000000000b0dc000 	/System/Library/Frameworks/Accelerate.framework/Versions/A/Accelerate
0x000000000b0dc000 	/System/Library/Frameworks/IOSurface.framework/Versions/A/IOSurface
0x000000000b0dc000 	/System/Library/Frameworks/AudioToolbox.framework/Versions/A/AudioToolbox
0x000000000b0dc000 	/System/Library/Frameworks/AudioUnit.framework/Versions/A/AudioUnit
0x000000000b0dc000 	/System/Library/PrivateFrameworks/DataDetectorsCore.framework/Versions/A/DataDetectorsCore
0x000000000b0dc000 	/System/Library/PrivateFrameworks/DesktopServicesPriv.framework/Versions/A/DesktopServicesPriv
0x000000000b0dc000 	/System/Library/Frameworks/Carbon.framework/Versions/A/Frameworks/HIToolbox.framework/Versions/A/HIToolbox
0x000000000b0dc000 	/System/Library/Frameworks/QuartzCore.framework/Versions/A/QuartzCore
0x000000000b0dc000 	/System/Library/Frameworks/Carbon.framework/Versions/A/Frameworks/SpeechRecognition.framework/Versions/A/SpeechRecognition
0x000000000b0dc000 	/usr/lib/libauto.dylib
0x000000000b0dc000 	/usr/lib/libicucore.A.dylib
0x000000000b0dc000 	/usr/lib/libxml2.2.dylib
0x000000000b0dc000 	/System/Library/PrivateFrameworks/CoreUI.framework/Versions/A/CoreUI
0x000000000b0dc000 	/System/Library/Frameworks/CoreAudio.framework/Versions/A/CoreAudio
0x000000000b0dc000 	/System/Library/Frameworks/DiskArbitration.framework/Versions/A/DiskArbitration
0x000000000b0dc000 	/usr/lib/liblangid.dylib
0x000000000b0dc000 	/System/Library/PrivateFrameworks/MultitouchSupport.framework/Versions/A/MultitouchSupport
0x000000000b0dc000 	/System/Library/Frameworks/IOKit.framework/Versions/A/IOKit
0x000000000b0dc000 	/usr/lib/libDiagnosticMessagesClient.dylib
0x000000000b0dc000 	/System/Library/Frameworks/CoreServices.framework/Versions/A/CoreServices
0x000000000b0dc000 	/System/Library/PrivateFrameworks/PerformanceAnalysis.framework/Versions/A/PerformanceAnalysis
0x000000000b0dc000 	/System/Library/PrivateFrameworks/GenerationalStorage.framework/Versions/A/GenerationalStorage
0x000000000b0dc000 	/System/Library/Frameworks/OpenGL.framework/Versions/A/OpenGL
0x000000000b0dc000 	/System/Library/PrivateFrameworks/Sharing.framework/Versions/A/Sharing
0x000000000b0dc000 	/System/Library/Frameworks/CoreGraphics.framework/Versions/A/CoreGraphics
0x000000000b0dc000 	/System/Library/Frameworks/CoreImage.framework/Versions/A/CoreImage
0x000000000b0dc000 	/System/Library/Frameworks/CoreText.framework/Versions/A/CoreText
0x000000000b0dc000 	/System/Library/Frameworks/ImageIO.framework/Versions/A/ImageIO
0x000000000b0dc000 	/System/Library/PrivateFrameworks/Backup.framework/Versions/A/Backup
0x000000000b0dc000 	/usr/lib/libextension.dylib
0x000000000b0dc000 	/usr/lib/libarchive.2.dylib
0x000000000b0dc000 	/System/Library/Frameworks/CFNetwork.framework/Versions/A/CFNetwork
0x000000000b0dc000 	/System/Library/Frameworks/SystemConfiguration.framework/Versions/A/SystemConfiguration
0x000000000b0dc000 	/usr/lib/libCRFSuite.dylib
0x000000000b0dc000 	/usr/lib/libc++.1.dylib
0x000000000b0dc000 	/usr/lib/libc++abi.dylib
0x000000000b0dc000 	/usr/lib/system/libcache.dylib
0x000000000b0dc000 	/usr/lib/system/libcommonCrypto.dylib
0x000000000b0dc000 	/usr/lib/system/libcompiler_rt.dylib
0x000000000b0dc000 	/usr/lib/system/libcopyfile.dylib
0x000000000b0dc000 	/usr/lib/system/libcorecrypto.dylib
0x000000000b0dc000 	/usr/lib/system/libdispatch.dylib
0x000000000b0dc000 	/usr/lib/system/libdyld.dylib
0x000000000b0dc000 	/usr/lib/system/libkeymgr.dylib
0x000000000b0dc000 	/usr/lib/system/liblaunch.dylib
0x000000000b0dc000 	/usr/lib/system/libmacho.dylib
0x000000000b0dc000 	/usr/lib/system/libquarantine.dylib
0x000000000b0dc000 	/usr/lib/system/libremovefile.dylib
0x000000000b0dc000 	/usr/lib/system/libsystem_asl.dylib
0x000000000b0dc000 	/usr/lib/system/libsystem_blocks.dylib
0x000000000b0dc000 	/usr/lib/system/libsystem_c.dylib
0x000000000b0dc000 	/usr/lib/system/libsystem_configuration.dylib
0x000000000b0dc000 	/usr/lib/system/libsystem_coreservices.dylib
0x000000000b0dc000 	/usr/lib/system/libsystem_coretls.dylib
0x000000000b0dc000 	/usr/lib/system/libsystem_dnssd.dylib
0x000000000b0dc000 	/usr/lib/system/libsystem_info.dylib
0x000000000b0dc000 	/usr/lib/system/libsystem_kernel.dylib
0x000000000b0dc000 	/usr/lib/system/libsystem_m.dylib
0x000000000b0dc000 	/usr/lib/system/libsystem_malloc.dylib
0x000000000b0dc000 	/usr/lib/system/libsystem_network.dylib
0x000000000b0dc000 	/usr/lib/system/libsystem_networkextension.dylib
0x000000000b0dc000 	/usr/lib/system/libsystem_notify.dylib
0x000000000b0dc000 	/usr/lib/system/libsystem_platform.dylib
0x000000000b0dc000 	/usr/lib/system/libsystem_pthread.dylib
0x000000000b0dc000 	/usr/lib/system/libsystem_sandbox.dylib
0x000000000b0dc000 	/usr/lib/system/libsystem_secinit.dylib
0x000000000b0dc000 	/usr/lib/system/libsystem_trace.dylib
0x000000000b0dc000 	/usr/lib/system/libunc.dylib
0x000000000b0dc000 	/usr/lib/system/libunwind.dylib
0x000000000b0dc000 	/usr/lib/system/libxpc.dylib
0x000000000b0dc000 	/usr/lib/libenergytrace.dylib
0x000000000b0dc000 	/usr/lib/libbsm.0.dylib
0x000000000b0dc000 	/usr/lib/system/libkxld.dylib
0x000000000b0dc000 	/usr/lib/libxar.1.dylib
0x000000000b0dc000 	/usr/lib/libsqlite3.dylib
0x000000000b0dc000 	/usr/lib/libpam.2.dylib
0x000000000b0dc000 	/usr/lib/libOpenScriptingUtil.dylib
0x000000000b0dc000 	/usr/lib/libbz2.1.0.dylib
0x000000000b0dc000 	/usr/lib/liblzma.5.dylib
0x000000000b0dc000 	/System/Library/Frameworks/CoreServices.framework/Versions/A/Frameworks/FSEvents.framework/Versions/A/FSEvents
0x000000000b0dc000 	/System/Library/Frameworks/CoreServices.framework/Versions/A/Frameworks/CarbonCore.framework/Versions/A/CarbonCore
0x000000000b0dc000 	/System/Library/Frameworks/CoreServices.framework/Versions/A/Frameworks/Metadata.framework/Versions/A/Metadata
0x000000000b0dc000 	/System/Library/Frameworks/CoreServices.framework/Versions/A/Frameworks/OSServices.framework/Versions/A/OSServices
0x000000000b0dc000 	/System/Library/Frameworks/CoreServices.framework/Versions/A/Frameworks/SearchKit.framework/Versions/A/SearchKit
0x000000000b0dc000 	/System/Library/Frameworks/CoreServices.framework/Versions/A/Frameworks/AE.framework/Versions/A/AE
0x000000000b0dc000 	/System/Library/Frameworks/CoreServices.framework/Versions/A/Frameworks/LaunchServices.framework/Versions/A/LaunchServices
0x000000000b0dc000 	/System/Library/Frameworks/CoreServices.framework/Versions/A/Frameworks/DictionaryServices.framework/Versions/A/DictionaryServices
0x000000000b0dc000 	/System/Library/Frameworks/CoreServices.framework/Versions/A/Frameworks/SharedFileList.framework/Versions/A/SharedFileList
0x000000000b0dc000 	/System/Library/Frameworks/NetFS.framework/Versions/A/NetFS
0x000000000b0dc000 	/System/Library/PrivateFrameworks/NetAuth.framework/Versions/A/NetAuth
0x000000000b0dc000 	/System/Library/PrivateFrameworks/login.framework/Versions/A/Frameworks/loginsupport.framework/Versions/A/loginsupport
0x000000000b0dc000 	/System/Library/PrivateFrameworks/TCC.framework/Versions/A/TCC
0x000000000b0dc000 	/usr/lib/libmecabra.dylib
0x000000000b0dc000 	/System/Library/Frameworks/ApplicationServices.framework/Versions/A/Frameworks/ATS.framework/Versions/A/ATS
0x000000000b0dc000 	/System/Library/Frameworks/ApplicationServices.framework/Versions/A/Frameworks/ColorSync.framework/Versions/A/ColorSync
0x000000000b0dc000 	/System/Library/Frameworks/ApplicationServices.framework/Versions/A/Frameworks/HIServices.framework/Versions/A/HIServices
0x000000000b0dc000 	/System/Library/Frameworks/ApplicationServices.framework/Versions/A/Frameworks/LangAnalysis.framework/Versions/A/LangAnalysis
0x000000000b0dc000 	/System/Library/Frameworks/ApplicationServices.framework/Versions/A/Frameworks/PrintCore.framework/Versions/A/PrintCore
0x000000000b0dc000 	/System/Library/Frameworks/ApplicationServices.framework/Versions/A/Frameworks/QD.framework/Versions/A/QD
0x000000000b0dc000 	/System/Library/Frameworks/ApplicationServices.framework/Versions/A/Frameworks/SpeechSynthesis.framework/Versions/A/SpeechSynthesis
0x000000000b0dc000 	/System/Library/Frameworks/Metal.framework/Versions/A/Metal
0x000000000b0dc000 	/System/Library/Frameworks/Accelerate.framework/Versions/A/Frameworks/vImage.framework/Versions/A/vImage
0x000000000b0dc000 	/System/Library/Frameworks/Accelerate.framework/Versions/A/Frameworks/vecLib.framework/Versions/A/vecLib
0x000000000b0dc000 	/System/Library/Frameworks/Accelerate.framework/Versions/A/Frameworks/vecLib.framework/Versions/A/libvDSP.dylib
0x000000000b0dc000 	/System/Library/Frameworks/Accelerate.framework/Versions/A/Frameworks/vecLib.framework/Versions/A/libvMisc.dylib
0x000000000b0dc000 	/System/Library/Frameworks/Accelerate.framework/Versions/A/Frameworks/vecLib.framework/Versions/A/libLAPACK.dylib
0x000000000b0dc000 	/System/Library/Frameworks/Accelerate.framework/Versions/A/Frameworks/vecLib.framework/Versions/A/libBLAS.dylib
0x000000000b0dc000 	/System/Library/Frameworks/Accelerate.framework/Versions/A/Frameworks/vecLib.framework/Versions/A/libLinearAlgebra.dylib
0x000000000b0dc000 	/System/Library/Frameworks/Accelerate.framework/Versions/A/Frameworks/vecLib.framework/Versions/A/libSparseBLAS.dylib
0x000000000b0dc000 	/System/Library/PrivateFrameworks/GPUCompiler.framework/libmetal_timestamp.dylib
0x000000000b0dc000 	/System/Library/Frameworks/OpenGL.framework/Versions/A/Libraries/libCoreFSCache.dylib
0x000000000b0dc000 	/System/Library/PrivateFrameworks/IOAccelerator.framework/Versions/A/IOAccelerator
0x000000000b0dc000 	/System/Library/Frameworks/ApplicationServices.framework/Versions/A/Frameworks/ATS.framework/Versions/A/Resources/libFontParser.dylib
0x000000000b0dc000 	/System/Library/Frameworks/ApplicationServices.framework/Versions/A/Frameworks/ATS.framework/Versions/A/Resources/libFontRegistry.dylib
0x000000000b0dc000 	/System/Library/PrivateFrameworks/AppleVPA.framework/Versions/A/AppleVPA
0x000000000b0dc000 	/System/Library/PrivateFrameworks/AppleJPEG.framework/Versions/A/AppleJPEG
0x000000000b0dc000 	/System/Library/Frameworks/ImageIO.framework/Versions/A/Resources/libJPEG.dylib
0x000000000b0dc000 	/System/Library/Frameworks/ImageIO.framework/Versions/A/Resources/libTIFF.dylib
0x000000000b0dc000 	/System/Library/Frameworks/ImageIO.framework/Versions/A/Resources/libPng.dylib
0x000000000b0dc000 	/System/Library/Frameworks/ImageIO.framework/Versions/A/Resources/libGIF.dylib
0x000000000b0dc000 	/System/Library/Frameworks/ImageIO.framework/Versions/A/Resources/libJP2.dylib
0x000000000b0dc000 	/System/Library/Frameworks/ImageIO.framework/Versions/A/Resources/libRadiance.dylib
0x000000000b0dc000 	/System/Library/Frameworks/CoreVideo.framework/Versions/A/CoreVideo
0x000000000b0dc000 	/System/Library/Frameworks/OpenGL.framework/Versions/A/Libraries/libGLU.dylib
0x000000000b0dc000 	/System/Library/Frameworks/OpenGL.framework/Versions/A/Libraries/libGFXShared.dylib
0x000000000b0dc000 	/System/Library/Frameworks/OpenGL.framework/Versions/A/Libraries/libGL.dylib
0x000000000b0dc000 	/System/Library/Frameworks/OpenGL.framework/Versions/A/Libraries/libGLImage.dylib
0x000000000b0dc000 	/System/Library/Frameworks/OpenGL.framework/Versions/A/Libraries/libCVMSPluginSupport.dylib
0x000000000b0dc000 	/System/Library/Frameworks/OpenGL.framework/Versions/A/Libraries/libCoreVMClient.dylib
0x000000000b0dc000 	/usr/lib/libcups.2.dylib
0x000000000b0dc000 	/System/Library/Frameworks/Kerberos.framework/Versions/A/Kerberos
0x000000000b0dc000 	/System/Library/Frameworks/GSS.framework/Versions/A/GSS
0x000000000b0dc000 	/usr/lib/libresolv.9.dylib
0x000000000b0dc000 	/usr/lib/libiconv.2.dylib
0x000000000b0dc000 	/System/Library/PrivateFrameworks/Heimdal.framework/Versions/A/Heimdal
0x000000000b0dc000 	/usr/lib/libheimdal-asn1.dylib
0x000000000b0dc000 	/System/Library/Frameworks/OpenDirectory.framework/Versions/A/OpenDirectory
0x000000000b0dc000 	/System/Library/PrivateFrameworks/CommonAuth.framework/Versions/A/CommonAuth
0x000000000b0dc000 	/System/Library/Frameworks/OpenDirectory.framework/Versions/A/Frameworks/CFOpenDirectory.framework/Versions/A/CFOpenDirectory
0x000000000b0dc000 	/System/Library/Frameworks/SecurityFoundation.framework/Versions/A/SecurityFoundation
0x000000000b0dc000 	/System/Library/PrivateFrameworks/LanguageModeling.framework/Versions/A/LanguageModeling
0x000000000b0dc000 	/usr/lib/libmarisa.dylib
0x000000000b0dc000 	/usr/lib/libChineseTokenizer.dylib
0x000000000b0dc000 	/usr/lib/libcmph.dylib
0x000000000b0dc000 	/usr/lib/libcompression.dylib
0x000000000b0dc000 	/System/Library/Frameworks/ServiceManagement.framework/Versions/A/ServiceManagement
0x000000000b0dc000 	/usr/lib/libxslt.1.dylib
0x000000000b0dc000 	/System/Library/Frameworks/Carbon.framework/Versions/A/Frameworks/Ink.framework/Versions/A/Ink
0x000000000b0dc000 	/usr/lib/libFosl_dynamic.dylib
0x000000000b0dc000 	/System/Library/PrivateFrameworks/FaceCore.framework/Versions/A/FaceCore
0x000000000b0dc000 	/System/Library/Frameworks/OpenCL.framework/Versions/A/OpenCL
0x000000000b0dc000 	/System/Library/PrivateFrameworks/CrashReporterSupport.framework/Versions/A/CrashReporterSupport
0x000000000b0dc000 	/System/Library/PrivateFrameworks/IconServices.framework/Versions/A/IconServices
0x000000000b0dc000 	/System/Library/PrivateFrameworks/Apple80211.framework/Versions/A/Apple80211
0x000000000b0dc000 	/System/Library/Frameworks/CoreWLAN.framework/Versions/A/CoreWLAN
0x000000000b0dc000 	/System/Library/Frameworks/IOBluetooth.framework/Versions/A/IOBluetooth
0x000000000b0dc000 	/System/Library/PrivateFrameworks/CoreWiFi.framework/Versions/A/CoreWiFi
0x000000000b0dc000 	/System/Library/Frameworks/CoreBluetooth.framework/Versions/A/CoreBluetooth
0x000000000b0dc000 	/System/Library/PrivateFrameworks/ChunkingLibrary.framework/Versions/A/ChunkingLibrary
0x000000000b0dc000 	/System/Library/PrivateFrameworks/DebugSymbols.framework/Versions/A/DebugSymbols
0x000000000b0dc000 	/System/Library/PrivateFrameworks/CoreSymbolication.framework/Versions/A/CoreSymbolication
0x000000000b0dc000 	/System/Library/PrivateFrameworks/Symbolication.framework/Versions/A/Symbolication
0x000000000b0dc000 	/System/Library/PrivateFrameworks/SpeechRecognitionCore.framework/Versions/A/SpeechRecognitionCore
0x000000010d600000 	/Library/Java/JavaVirtualMachines/jdk1.8.0_77.jdk/Contents/Home/jre/lib/server/libjvm.dylib
0x000000000b0dc000 	/usr/lib/libstdc++.6.dylib
0x000000010cce5000 	/Library/Java/JavaVirtualMachines/jdk1.8.0_77.jdk/Contents/Home/jre/lib/libverify.dylib
0x000000010ccf3000 	/Library/Java/JavaVirtualMachines/jdk1.8.0_77.jdk/Contents/Home/jre/lib/libjava.dylib
0x000000010cd32000 	/Library/Java/JavaVirtualMachines/jdk1.8.0_77.jdk/Contents/Home/jre/lib/libzip.dylib
0x0000000123e46000 	/System/Library/Frameworks/JavaVM.framework/Frameworks/JavaRuntimeSupport.framework/JavaRuntimeSupport
0x000000010cde7000 	/System/Library/Frameworks/JavaVM.framework/Versions/A/Frameworks/JavaNativeFoundation.framework/Versions/A/JavaNativeFoundation
0x0000000123e61000 	/System/Library/Frameworks/JavaVM.framework/Versions/A/JavaVM
0x000000000b0dc000 	/System/Library/Frameworks/Carbon.framework/Versions/A/Carbon
0x0000000123e6e000 	/System/Library/PrivateFrameworks/JavaLaunching.framework/Versions/A/JavaLaunching
0x000000000b0dc000 	/System/Library/Frameworks/Carbon.framework/Versions/A/Frameworks/CommonPanels.framework/Versions/A/CommonPanels
0x000000000b0dc000 	/System/Library/Frameworks/Carbon.framework/Versions/A/Frameworks/Help.framework/Versions/A/Help
0x000000000b0dc000 	/System/Library/Frameworks/Carbon.framework/Versions/A/Frameworks/ImageCapture.framework/Versions/A/ImageCapture
0x000000000b0dc000 	/System/Library/Frameworks/Carbon.framework/Versions/A/Frameworks/OpenScripting.framework/Versions/A/OpenScripting
0x000000000b0dc000 	/System/Library/Frameworks/Carbon.framework/Versions/A/Frameworks/Print.framework/Versions/A/Print
0x000000000b0dc000 	/System/Library/Frameworks/Carbon.framework/Versions/A/Frameworks/SecurityHI.framework/Versions/A/SecurityHI
0x000000012578e000 	/Library/Java/JavaVirtualMachines/jdk1.8.0_77.jdk/Contents/Home/jre/lib/libawt.dylib
0x0000000125836000 	/Library/Java/JavaVirtualMachines/jdk1.8.0_77.jdk/Contents/Home/jre/lib/./libmlib_image.dylib
0x0000000125902000 	/Library/Java/JavaVirtualMachines/jdk1.8.0_77.jdk/Contents/Home/jre/lib/libawt_lwawt.dylib
0x00000001259b7000 	/Library/Java/JavaVirtualMachines/jdk1.8.0_77.jdk/Contents/Home/jre/lib/./libosxapp.dylib
0x000000000b0dc000 	/System/Library/Frameworks/ExceptionHandling.framework/Versions/A/ExceptionHandling
0x000000000b0dc000 	/System/Library/PrivateFrameworks/CoreServicesInternal.framework/Versions/A/CoreServicesInternal
0x000000000b0dc000 	/System/Library/Frameworks/CoreGraphics.framework/Versions/A/Resources/libRIP.A.dylib
0x000000000b0dc000 	/System/Library/Frameworks/Accelerate.framework/Versions/A/Frameworks/vImage.framework/Versions/A/Libraries/libCGInterfaces.dylib
0x000000000b0dc000 	/System/Library/Frameworks/CoreGraphics.framework/Versions/A/Resources/libCGXType.A.dylib
0x000000000b0dc000 	/System/Library/Frameworks/OpenCL.framework/Versions/A/Libraries/libcldcpuengine.dylib
0x000000000b0dc000 	/System/Library/PrivateFrameworks/DiskImages.framework/Versions/A/DiskImages
0x000000000b0dc000 	/System/Library/Frameworks/DiscRecording.framework/Versions/A/DiscRecording
0x000000000b0dc000 	/usr/lib/libcsfde.dylib
0x000000000b0dc000 	/usr/lib/libcurl.4.dylib
0x000000000b0dc000 	/System/Library/PrivateFrameworks/MediaKit.framework/Versions/A/MediaKit
0x000000000b0dc000 	/System/Library/PrivateFrameworks/ProtectedCloudStorage.framework/Versions/A/ProtectedCloudStorage
0x000000000b0dc000 	/usr/lib/libCoreStorage.dylib
0x000000000b0dc000 	/System/Library/PrivateFrameworks/EFILogin.framework/Versions/A/EFILogin
0x000000000b0dc000 	/usr/lib/libutil.dylib
0x000000000b0dc000 	/System/Library/PrivateFrameworks/FindMyDevice.framework/Versions/A/FindMyDevice
0x000000000b0dc000 	/System/Library/Frameworks/LDAP.framework/Versions/A/LDAP
0x000000000b0dc000 	/usr/lib/libsasl2.2.dylib
0x000000000b0dc000 	/System/Library/PrivateFrameworks/CoreDaemon.framework/Versions/B/CoreDaemon
0x000000000b0dc000 	/usr/lib/libcrypto.0.9.8.dylib
0x000000000b0dc000 	/System/Library/PrivateFrameworks/AppleSRP.framework/Versions/A/AppleSRP
0x000000000b0dc000 	/System/Library/PrivateFrameworks/TrustEvaluationAgent.framework/Versions/A/TrustEvaluationAgent
0x000000012761c000 	cl_kernels
0x000000000b0dc000 	/System/Library/Frameworks/OpenCL.framework/Versions/A/Libraries/ImageFormats/unorm8_bgra.dylib
0x000000000b0dc000 	/System/Library/Frameworks/OpenCL.framework/Versions/A/Libraries/ImageFormats/unorm8_rgba.dylib
0x000000000b0dc000 	/System/Library/PrivateFrameworks/FamilyControls.framework/Versions/A/FamilyControls
0x000000000b0dc000 	/System/Library/PrivateFrameworks/CommerceKit.framework/Versions/A/Frameworks/CommerceCore.framework/Versions/A/CommerceCore
0x000000000b0dc000 	/System/Library/PrivateFrameworks/SystemAdministration.framework/Versions/A/SystemAdministration
0x000000000b0dc000 	/System/Library/PrivateFrameworks/AppContainer.framework/Versions/A/AppContainer
0x000000000b0dc000 	/System/Library/PrivateFrameworks/SecCodeWrapper.framework/Versions/A/SecCodeWrapper
0x000000000b0dc000 	/System/Library/Frameworks/DirectoryService.framework/Versions/A/DirectoryService
0x000000000b0dc000 	/System/Library/PrivateFrameworks/LoginUIKit.framework/Versions/A/Frameworks/LoginUICore.framework/Versions/A/LoginUICore
0x000000000b0dc000 	/usr/lib/libodfde.dylib
0x000000000b0dc000 	/System/Library/Frameworks/OpenGL.framework/Versions/A/Resources/GLEngine.bundle/GLEngine
0x000000000b0dc000 	/System/Library/Frameworks/OpenGL.framework/Versions/A/Libraries/libGLProgrammability.dylib
0x0000000128718000 	/System/Library/Extensions/AppleIntelBDWGraphicsGLDriver.bundle/Contents/MacOS/AppleIntelBDWGraphicsGLDriver
0x000000000b0dc000 	/System/Library/PrivateFrameworks/GPUSupport.framework/Versions/A/Libraries/libGPUSupportMercury.dylib
0x000000000b0dc000 	/System/Library/Frameworks/OpenGL.framework/Versions/A/Resources/GLRendererFloat.bundle/GLRendererFloat
0x0000000129696000 	/Library/Java/JavaVirtualMachines/jdk1.8.0_77.jdk/Contents/Home/jre/lib/libfontmanager.dylib
0x000000012ab5e000 	/Library/Java/JavaVirtualMachines/jdk1.8.0_77.jdk/Contents/Home/jre/lib/libosxui.dylib
0x000000012b841000 	/Library/Java/JavaVirtualMachines/jdk1.8.0_77.jdk/Contents/Home/jre/lib/libnet.dylib
0x000000012b654000 	/Library/Java/JavaVirtualMachines/jdk1.8.0_77.jdk/Contents/Home/jre/lib/libnio.dylib
0x000000000b0dc000 	/System/Library/Frameworks/ApplicationServices.framework/Versions/A/Frameworks/ATS.framework/Versions/A/Resources/libTrueTypeScaler.dylib
0x000000017c99f000 	/System/Library/Extensions/AppleIntelBDWGraphicsMTLDriver.bundle/Contents/MacOS/AppleIntelBDWGraphicsMTLDriver
0x0000000126be9000 	/private/var/folders/z0/f53gx9cx5kb1rfmmhfd3msy00000gn/T/jogamp_0000/file_cache/jln3338740725485703442/jln1767915042216609696/libgluegen-rt.jnilib
0x0000000126bed000 	/private/var/folders/z0/f53gx9cx5kb1rfmmhfd3msy00000gn/T/jogamp_0000/file_cache/jln3338740725485703442/jln1767915042216609696/libnativewindow_awt.jnilib
0x0000000126bf0000 	/Library/Java/JavaVirtualMachines/jdk1.8.0_77.jdk/Contents/Home/jre/lib/libjawt.dylib
0x000000017c866000 	/private/var/folders/z0/f53gx9cx5kb1rfmmhfd3msy00000gn/T/jogamp_0000/file_cache/jln3338740725485703442/jln1767915042216609696/libnativewindow_macosx.jnilib
0x0000000180b33000 	/private/var/folders/z0/f53gx9cx5kb1rfmmhfd3msy00000gn/T/jogamp_0000/file_cache/jln3338740725485703442/jln1767915042216609696/libjogl_desktop.jnilib

VM Arguments:
jvm_args: -Djava.security.policy=java.policy.applet -Dfile.encoding=UTF-8 
java_command: sun.applet.AppletViewer StayingAlive1461238183012.html
java_class_path (initial): /Users/Karen/Documents/workspace/StayingAlive/bin:/Users/Karen/Documents/Processing/libraries/p5v2libs/core.jar:/Users/Karen/Documents/Processing/libraries/p5v2libs/gluegen-rt-natives-macosx-universal.jar:/Users/Karen/Documents/Processing/libraries/p5v2libs/gluegen-rt.jar:/Users/Karen/Documents/Processing/libraries/p5v2libs/jogl-all-natives-macosx-universal.jar:/Users/Karen/Documents/Processing/libraries/p5v2libs/jogl-all.jar:/Users/Karen/Documents/Processing/libraries/minim/library/jl1.0.1.jar:/Users/Karen/Documents/Processing/libraries/minim/library/jsminim.jar:/Users/Karen/Documents/Processing/libraries/minim/library/minim.jar:/Users/Karen/Documents/Processing/libraries/minim/library/mp3spi1.9.5.jar:/Users/Karen/Documents/Processing/libraries/minim/library/tritonus_aos.jar:/Users/Karen/Documents/Processing/libraries/minim/library/tritonus_share.jar
Launcher Type: SUN_STANDARD

Environment Variables:
PATH=/usr/bin:/bin:/usr/sbin:/sbin
SHELL=/bin/bash

Signal Handlers:
SIGSEGV: [libjvm.dylib+0x5a6855], sa_mask[0]=11111111011111110111111111111111, sa_flags=SA_ONSTACK|SA_RESTART|SA_SIGINFO
SIGBUS: [libjvm.dylib+0x5a6855], sa_mask[0]=11111111011111110111111111111111, sa_flags=SA_RESTART|SA_SIGINFO
SIGFPE: [libjvm.dylib+0x4804ec], sa_mask[0]=11111111011111110111111111111111, sa_flags=SA_RESTART|SA_SIGINFO
SIGPIPE: [libjvm.dylib+0x4804ec], sa_mask[0]=11111111011111110111111111111111, sa_flags=SA_RESTART|SA_SIGINFO
SIGXFSZ: [libjvm.dylib+0x4804ec], sa_mask[0]=11111111011111110111111111111111, sa_flags=SA_RESTART|SA_SIGINFO
SIGILL: [libjvm.dylib+0x4804ec], sa_mask[0]=11111111011111110111111111111111, sa_flags=SA_RESTART|SA_SIGINFO
SIGUSR1: SIG_DFL, sa_mask[0]=00000000000000000000000000000000, sa_flags=none
SIGUSR2: [libjvm.dylib+0x48000a], sa_mask[0]=00100000000000000000000000000000, sa_flags=SA_RESTART|SA_SIGINFO
SIGHUP: [libjvm.dylib+0x47e5e1], sa_mask[0]=11111111011111110111111111111111, sa_flags=SA_RESTART|SA_SIGINFO
SIGINT: [libjvm.dylib+0x47e5e1], sa_mask[0]=11111111011111110111111111111111, sa_flags=SA_RESTART|SA_SIGINFO
SIGTERM: [libjvm.dylib+0x47e5e1], sa_mask[0]=11111111011111110111111111111111, sa_flags=SA_RESTART|SA_SIGINFO
SIGQUIT: [libjvm.dylib+0x47e5e1], sa_mask[0]=11111111011111110111111111111111, sa_flags=SA_RESTART|SA_SIGINFO


---------------  S Y S T E M  ---------------

OS:Bsduname:Darwin 15.4.0 Darwin Kernel Version 15.4.0: Fri Feb 26 22:08:05 PST 2016; root:xnu-3248.40.184~3/RELEASE_X86_64 x86_64
rlimit: STACK 8192k, CORE 0k, NPROC 709, NOFILE 10240, AS infinity
load average:1.44 1.94 1.96

CPU:total 4 (2 cores per cpu, 2 threads per core) family 6 model 61 stepping 4, cmov, cx8, fxsr, mmx, sse, sse2, sse3, ssse3, sse4.1, sse4.2, popcnt, avx, avx2, aes, clmul, erms, 3dnowpref, lzcnt, ht, tsc, tscinvbit, bmi1, bmi2, adx

Memory: 4k page, physical 8388608k(57056k free)

/proc/meminfo:


vm_info: Java HotSpot(TM) 64-Bit Server VM (25.77-b03) for bsd-amd64 JRE (1.8.0_77-b03), built on Mar 20 2016 22:14:03 by "java_re" with gcc 4.2.1 (Based on Apple Inc. build 5658) (LLVM build 2336.11.00)

time: Thu Apr 21 12:29:52 2016
elapsed time: 9 seconds (0d 0h 0m 9s)

